<?xml version="1.0" encoding="UTF-8"?>
<!-- Generated by org.testng.reporters.JUnitReportReporter -->
<testsuite hostname="SosoOthman" failures="0" tests="2" name="TestCase" time="42.104" errors="0" timestamp="2024-12-08T23:29:41 PST" skipped="0">
  <testcase classname="TestCase" name="AddTwoNumber" time="14.742"/>
  <system-out/>
  <testcase classname="TestCase" name="ClickAllButtons" time="27.362"/>
  <system-out/>
</testsuite> <!-- TestCase -->
